[2018-04-19T13:33:22.553] [DEBUG] rra - Get records.
[2018-04-19T13:33:22.556] [DEBUG] rra - Loading all records from database
[2018-04-19T13:33:22.603] [DEBUG] rra - Loading finished
[2018-04-19T17:26:28.648] [DEBUG] rra - Get records.
[2018-04-19T17:26:28.651] [DEBUG] rra - Loading all records from database
[2018-04-19T17:26:28.688] [DEBUG] rra - Loading finished
[2018-04-19T17:26:34.838] [DEBUG] rra - Get records.
[2018-04-19T17:26:34.840] [DEBUG] rra - Loading all records from database
[2018-04-19T17:26:34.848] [DEBUG] rra - Loading finished
[2018-04-19T17:27:04.577] [DEBUG] rra - Get records.
[2018-04-19T17:27:04.580] [DEBUG] rra - Loading all records from database
[2018-04-19T17:27:04.591] [DEBUG] rra - Loading finished
[2018-04-19T17:40:06.878] [DEBUG] rra - Get records.
[2018-04-19T17:40:06.879] [DEBUG] rra - Loading all records from database
[2018-04-19T17:40:06.886] [DEBUG] rra - Loading finished
[2018-04-19T17:40:37.514] [DEBUG] rra - Get records.
[2018-04-19T17:40:37.516] [DEBUG] rra - Loading all records from database
[2018-04-19T17:40:37.523] [DEBUG] rra - Loading finished
[2018-04-19T17:46:23.821] [DEBUG] rra - Get records.
[2018-04-19T17:46:23.822] [DEBUG] rra - Loading all records from database
[2018-04-19T17:46:23.830] [DEBUG] rra - Loading finished
[2018-04-19T17:47:38.412] [DEBUG] rra - Get records.
[2018-04-19T17:47:38.414] [DEBUG] rra - Loading all records from database
[2018-04-19T17:47:38.424] [DEBUG] rra - Loading finished
[2018-04-19T17:48:18.166] [DEBUG] rra - Get records.
[2018-04-19T17:48:18.167] [DEBUG] rra - Loading all records from database
[2018-04-19T17:48:18.180] [DEBUG] rra - Loading finished
[2018-04-19T17:50:03.040] [DEBUG] rra - Get records.
[2018-04-19T17:50:03.042] [DEBUG] rra - Loading all records from database
[2018-04-19T17:50:03.048] [DEBUG] rra - Loading finished
[2018-04-19T17:53:01.717] [DEBUG] rra - Get records.
[2018-04-19T17:53:01.718] [DEBUG] rra - Loading all records from database
[2018-04-19T17:53:01.726] [DEBUG] rra - Loading finished
[2018-04-19T18:30:40.233] [DEBUG] rra - Get records.
[2018-04-19T18:30:40.235] [DEBUG] rra - Loading all records from database
[2018-04-19T18:30:40.241] [DEBUG] rra - Loading finished
[2018-04-19T18:35:02.762] [DEBUG] rra - Get records.
[2018-04-19T18:35:02.764] [DEBUG] rra - Loading all records from database
[2018-04-19T18:35:02.768] [DEBUG] rra - Loading finished
[2018-04-19T18:35:59.445] [DEBUG] rra - Get records.
[2018-04-19T18:35:59.445] [DEBUG] rra - Loading all records from database
[2018-04-19T18:35:59.453] [DEBUG] rra - Loading finished
[2018-04-19T18:45:56.555] [DEBUG] rra - Get records.
[2018-04-19T18:45:56.556] [DEBUG] rra - Loading all records from database
[2018-04-19T18:45:56.561] [DEBUG] rra - Loading finished
[2018-04-19T18:46:36.095] [DEBUG] rra - Get records.
[2018-04-19T18:46:36.097] [DEBUG] rra - Loading all records from database
[2018-04-19T18:46:36.107] [DEBUG] rra - Loading finished
[2018-04-19T18:50:18.467] [DEBUG] rra - Get records.
[2018-04-19T18:50:18.469] [DEBUG] rra - Loading all records from database
[2018-04-19T18:50:18.475] [DEBUG] rra - Loading finished
[2018-04-23T16:45:00.239] [DEBUG] rra - Get records.
[2018-04-23T16:45:00.243] [DEBUG] rra - Loading all records from database
[2018-04-23T16:45:00.286] [DEBUG] rra - Loading finished
[2018-04-23T16:52:56.062] [DEBUG] rra - Get records.
[2018-04-23T16:52:56.063] [DEBUG] rra - Loading all records from database
[2018-04-23T16:52:56.073] [DEBUG] rra - Loading finished
[2018-04-23T17:08:27.448] [DEBUG] rra - Get records.
[2018-04-23T17:08:27.449] [DEBUG] rra - Loading all records from database
[2018-04-23T17:08:27.458] [DEBUG] rra - Loading finished
[2018-04-23T17:09:30.854] [DEBUG] rra - Get records.
[2018-04-23T17:09:30.855] [DEBUG] rra - Loading all records from database
[2018-04-23T17:09:30.862] [DEBUG] rra - Loading finished
[2018-04-23T17:09:34.787] [DEBUG] rra - Get records.
[2018-04-23T17:09:34.788] [DEBUG] rra - Loading all records from database
[2018-04-23T17:09:34.799] [DEBUG] rra - Loading finished
[2018-04-24T10:05:33.103] [DEBUG] rra - Get records.
[2018-04-24T10:05:33.106] [DEBUG] rra - Loading all records from database
[2018-04-24T10:05:33.157] [DEBUG] rra - Loading finished
[2018-04-24T10:05:45.959] [DEBUG] rra - Get records.
[2018-04-24T10:05:45.959] [DEBUG] rra - Loading all records from database
[2018-04-24T10:05:45.968] [DEBUG] rra - Loading finished
[2018-04-24T12:06:17.356] [DEBUG] rra - Get records.
[2018-04-24T12:06:17.358] [DEBUG] rra - Loading all records from database
[2018-04-24T12:06:17.408] [DEBUG] rra - Loading finished
[2018-04-24T12:11:55.724] [DEBUG] rra - Get records.
[2018-04-24T12:11:55.724] [DEBUG] rra - Loading all records from database
[2018-04-24T12:11:55.736] [DEBUG] rra - Loading finished
[2018-04-26T14:31:49.227] [DEBUG] rra - Get records.
[2018-04-26T14:31:49.232] [DEBUG] rra - Loading all records from database
[2018-04-26T14:31:49.267] [DEBUG] rra - Loading finished
[2018-04-26T14:32:12.283] [DEBUG] rra - Get records.
[2018-04-26T14:32:12.283] [DEBUG] rra - Loading all records from database
[2018-04-26T14:32:12.291] [DEBUG] rra - Loading finished
[2018-04-26T14:32:25.600] [DEBUG] rra - Get records.
[2018-04-26T14:32:25.601] [DEBUG] rra - Loading all records from database
[2018-04-26T14:32:25.606] [DEBUG] rra - Loading finished
[2018-04-26T14:32:36.899] [DEBUG] rra - Get records.
[2018-04-26T14:32:36.900] [DEBUG] rra - Loading all records from database
[2018-04-26T14:32:36.907] [DEBUG] rra - Loading finished
[2018-04-26T14:33:06.719] [DEBUG] rra - Get records.
[2018-04-26T14:33:06.719] [DEBUG] rra - Loading all records from database
[2018-04-26T14:33:06.723] [DEBUG] rra - Loading finished
[2018-04-26T14:33:22.036] [DEBUG] rra - Get records.
[2018-04-26T14:33:22.037] [DEBUG] rra - Loading all records from database
[2018-04-26T14:33:22.041] [DEBUG] rra - Loading finished
[2018-04-26T14:33:54.658] [DEBUG] rra - Get records.
[2018-04-26T14:33:54.659] [DEBUG] rra - Loading all records from database
[2018-04-26T14:33:54.663] [DEBUG] rra - Loading finished
[2018-04-26T14:44:05.624] [DEBUG] rra - Get records.
[2018-04-26T14:44:05.625] [DEBUG] rra - Loading all records from database
[2018-04-26T14:44:05.629] [DEBUG] rra - Loading finished
[2018-04-26T14:44:31.756] [DEBUG] rra - Get records.
[2018-04-26T14:44:31.757] [DEBUG] rra - Loading all records from database
[2018-04-26T14:44:31.765] [DEBUG] rra - Loading finished
[2018-04-26T14:59:30.147] [DEBUG] rra - Get records.
[2018-04-26T14:59:30.150] [DEBUG] rra - Loading all records from database
[2018-04-26T14:59:30.181] [DEBUG] rra - Loading finished
[2018-04-26T14:59:39.744] [DEBUG] rra - Get records.
[2018-04-26T14:59:39.747] [DEBUG] rra - Loading all records from database
[2018-04-26T14:59:39.762] [DEBUG] rra - Loading finished
[2018-04-26T15:33:31.048] [DEBUG] rra - Get records.
[2018-04-26T15:33:31.051] [DEBUG] rra - Loading all records from database
[2018-04-26T15:33:31.062] [DEBUG] rra - Loading finished
[2018-04-27T16:57:26.321] [DEBUG] rra - Get records.
[2018-04-27T16:57:26.326] [DEBUG] rra - Loading all records from database
[2018-04-27T16:57:26.334] [DEBUG] rra - Loading finished
[2018-04-28T13:07:08.773] [DEBUG] rra - Get records.
[2018-04-28T13:07:09.303] [DEBUG] rra - Loading all records from database
[2018-04-28T13:07:17.160] [DEBUG] rra - Loading finished
[2018-04-28T13:08:08.296] [DEBUG] rra - Get records.
[2018-04-28T13:08:08.297] [DEBUG] rra - Loading all records from database
[2018-04-28T13:08:08.730] [DEBUG] rra - Loading finished
[2018-04-28T13:08:35.346] [DEBUG] rra - Get records.
[2018-04-28T13:08:35.347] [DEBUG] rra - Loading all records from database
[2018-04-28T13:08:35.375] [DEBUG] rra - Loading finished
[2018-04-28T13:08:49.078] [DEBUG] rra - Get records.
[2018-04-28T13:08:49.079] [DEBUG] rra - Loading all records from database
[2018-04-28T13:08:49.112] [DEBUG] rra - Loading finished
[2018-04-28T13:08:51.174] [DEBUG] rra - Get records.
[2018-04-28T13:08:51.175] [DEBUG] rra - Loading all records from database
[2018-04-28T13:08:51.191] [DEBUG] rra - Loading finished
[2018-04-28T13:08:51.986] [DEBUG] rra - Get records.
[2018-04-28T13:08:51.987] [DEBUG] rra - Loading all records from database
[2018-04-28T13:08:51.995] [DEBUG] rra - Loading finished
[2018-04-28T13:08:53.086] [DEBUG] rra - Get records.
[2018-04-28T13:08:53.088] [DEBUG] rra - Loading all records from database
[2018-04-28T13:08:53.136] [DEBUG] rra - Loading finished
[2018-04-28T13:08:56.007] [DEBUG] rra - Get records.
[2018-04-28T13:08:56.009] [DEBUG] rra - Loading all records from database
[2018-04-28T13:08:56.019] [DEBUG] rra - Loading finished
[2018-04-28T13:08:59.042] [DEBUG] rra - Get records.
[2018-04-28T13:08:59.043] [DEBUG] rra - Loading all records from database
[2018-04-28T13:08:59.150] [DEBUG] rra - Loading finished
[2018-04-28T13:26:49.146] [DEBUG] rra - Get records.
[2018-04-28T13:26:49.147] [DEBUG] rra - Loading all records from database
[2018-04-28T13:26:49.155] [DEBUG] rra - Loading finished
[2018-04-28T13:39:28.846] [DEBUG] rra - Get records.
[2018-04-28T13:39:28.848] [DEBUG] rra - Loading all records from database
[2018-04-28T13:39:28.855] [DEBUG] rra - Loading finished
[2018-04-28T13:39:52.350] [DEBUG] rra - Get records.
[2018-04-28T13:39:52.352] [DEBUG] rra - Loading all records from database
[2018-04-28T13:39:52.364] [DEBUG] rra - Loading finished
[2018-04-28T13:40:07.851] [DEBUG] rra - Get records.
[2018-04-28T13:40:07.853] [DEBUG] rra - Loading all records from database
[2018-04-28T13:40:07.871] [DEBUG] rra - Loading finished
[2018-04-28T14:11:57.944] [DEBUG] rra - Adding record.
[2018-04-28T14:13:05.989] [DEBUG] rra - Adding record.
[2018-04-28T14:13:05.992] [DEBUG] rra - Adding record to database
[2018-04-28T14:29:25.961] [DEBUG] rra - Adding record.
[2018-04-28T14:29:25.966] [DEBUG] rra - Adding record to database
[2018-04-28T14:29:26.050] [DEBUG] rra - Adding record finished
[2018-04-28T14:33:40.813] [DEBUG] rra - Adding record.
[2018-04-28T14:33:40.813] [DEBUG] rra - Adding record to database
[2018-04-28T14:33:40.839] [DEBUG] rra - Adding record finished
[2018-04-28T14:36:03.545] [DEBUG] rra - Adding record.
[2018-04-28T14:36:03.549] [DEBUG] rra - Adding record to database
[2018-04-28T14:36:03.606] [DEBUG] rra - Adding record finished
[2018-04-28T14:37:00.563] [DEBUG] rra - Adding record.
[2018-04-28T14:37:00.566] [DEBUG] rra - Adding record to database
[2018-04-28T14:37:00.614] [DEBUG] rra - Adding record finished
[2018-04-28T14:41:05.050] [DEBUG] rra - Get records.
[2018-04-28T14:41:05.054] [DEBUG] rra - Loading all records from database
[2018-04-28T14:41:05.259] [DEBUG] rra - Loading finished
[2018-04-28T14:42:56.293] [DEBUG] rra - Get record.
[2018-04-28T14:42:56.294] [DEBUG] rra - Loading record from database
[2018-04-28T14:43:12.867] [DEBUG] rra - Get record.
[2018-04-28T14:43:12.871] [DEBUG] rra - Loading record from database
[2018-04-28T14:45:13.125] [DEBUG] rra - Get record.
[2018-04-28T14:45:13.128] [DEBUG] rra - Loading record from database
[2018-04-28T14:45:13.168] [DEBUG] rra - Loading finished
[2018-04-28T14:45:46.965] [DEBUG] rra - Get record.
[2018-04-28T14:45:46.966] [DEBUG] rra - Loading record from database
[2018-04-28T14:45:46.976] [DEBUG] rra - Loading finished
[2018-04-28T14:46:15.705] [DEBUG] rra - Get record.
[2018-04-28T14:46:15.706] [DEBUG] rra - Loading record from database
[2018-04-28T14:46:15.716] [DEBUG] rra - Loading finished
[2018-04-28T14:48:04.980] [DEBUG] rra - Get record.
[2018-04-28T14:48:04.984] [DEBUG] rra - Loading record from database
[2018-04-28T14:48:05.021] [DEBUG] rra - Loading finished
[2018-04-28T14:48:07.705] [DEBUG] rra - Get record.
[2018-04-28T14:48:07.724] [DEBUG] rra - Loading record from database
[2018-04-28T14:48:07.736] [DEBUG] rra - Loading finished
[2018-04-28T14:50:48.957] [DEBUG] rra - Get record.
[2018-04-28T14:50:48.960] [DEBUG] rra - Loading record from database
[2018-04-28T14:50:49.032] [DEBUG] rra - Loading finished
[2018-04-28T14:52:39.679] [DEBUG] rra - Get record.
[2018-04-28T14:52:39.682] [DEBUG] rra - Loading record from database
[2018-04-28T14:52:57.860] [DEBUG] rra - Get record.
[2018-04-28T14:52:57.864] [DEBUG] rra - Loading record from database
[2018-04-28T15:01:23.874] [DEBUG] rra - Get record.
[2018-04-28T15:01:23.878] [DEBUG] rra - Loading record from database
[2018-04-28T15:01:23.911] [DEBUG] rra - Loading finished
[2018-04-28T15:03:42.067] [DEBUG] rra - Get record.
[2018-04-28T15:03:42.071] [DEBUG] rra - Loading record from database
[2018-04-28T15:06:44.956] [DEBUG] rra - Get record.
[2018-04-28T15:06:44.959] [DEBUG] rra - Loading record from database
[2018-04-28T15:06:44.991] [DEBUG] rra - Loading finished
[2018-04-28T15:07:10.107] [DEBUG] rra - Get record.
[2018-04-28T15:07:10.111] [DEBUG] rra - Loading record from database
[2018-04-28T15:07:10.185] [DEBUG] rra - Loading finished
[2018-04-28T15:15:13.437] [DEBUG] rra - Get record.
[2018-04-28T15:15:13.440] [DEBUG] rra - Loading record from database
[2018-04-28T15:15:13.480] [DEBUG] rra - Loading finished
[2018-04-28T15:19:06.138] [DEBUG] rra - Get records.
[2018-04-28T15:19:06.139] [DEBUG] rra - Loading all records from database
[2018-04-28T15:19:06.149] [DEBUG] rra - Loading finished
[2018-04-28T15:25:43.772] [DEBUG] rra - Get records.
[2018-04-28T15:25:43.775] [DEBUG] rra - Loading all records from database
[2018-04-28T15:25:43.809] [DEBUG] rra - Loading finished
[2018-04-28T15:25:47.814] [DEBUG] rra - Get record.
[2018-04-28T15:25:47.815] [DEBUG] rra - Loading all records from database
[2018-04-28T15:25:47.825] [DEBUG] rra - Loading finished
[2018-04-28T15:27:25.907] [DEBUG] rra - Get record.
[2018-04-28T15:27:25.908] [DEBUG] rra - Loading all records from database
[2018-04-28T15:27:25.915] [DEBUG] rra - Loading finished
[2018-04-28T15:29:52.471] [DEBUG] rra - Get record.
[2018-04-28T15:29:52.474] [DEBUG] rra - Loading all records from database
[2018-04-28T15:29:52.511] [DEBUG] rra - Loading finished
[2018-04-28T20:07:30.020] [DEBUG] rra - Get record.
[2018-04-28T20:07:30.125] [DEBUG] rra - Loading all records from database
[2018-04-28T20:07:30.192] [DEBUG] rra - Loading finished
[2018-04-28T20:12:30.113] [DEBUG] rra - Get record.
[2018-04-28T20:12:30.117] [DEBUG] rra - Loading all records from database
[2018-04-28T20:12:30.162] [DEBUG] rra - Loading finished
[2018-04-28T20:12:48.877] [DEBUG] rra - Get record.
[2018-04-28T20:12:48.880] [DEBUG] rra - Loading all records from database
[2018-04-28T20:12:48.911] [DEBUG] rra - Loading finished
[2018-04-28T20:28:32.484] [DEBUG] rra - Get record.
[2018-04-28T20:28:32.489] [DEBUG] rra - Loading all records from database
[2018-04-28T20:28:32.542] [DEBUG] rra - Loading finished
[2018-04-28T20:29:22.705] [DEBUG] rra - Get record.
[2018-04-28T20:29:22.710] [DEBUG] rra - Loading all records from database
[2018-04-28T20:29:22.819] [DEBUG] rra - Loading finished
[2018-04-28T20:31:10.682] [DEBUG] rra - Get record.
[2018-04-28T20:31:10.687] [DEBUG] rra - Loading all records from database
[2018-04-28T20:31:10.725] [DEBUG] rra - Loading finished
[2018-04-28T20:33:41.461] [DEBUG] rra - Get record.
[2018-04-28T20:33:41.466] [DEBUG] rra - Loading all records from database
[2018-04-28T20:33:41.505] [DEBUG] rra - Loading finished
[2018-04-28T20:35:08.043] [DEBUG] rra - Get record.
[2018-04-28T20:35:08.046] [DEBUG] rra - Loading all records from database
[2018-04-28T20:35:08.088] [DEBUG] rra - Loading finished
[2018-04-28T20:35:12.155] [DEBUG] rra - Get record.
[2018-04-28T20:35:12.156] [DEBUG] rra - Loading all records from database
[2018-04-28T20:35:12.164] [DEBUG] rra - Loading finished
[2018-04-28T20:35:42.523] [DEBUG] rra - Get record.
[2018-04-28T20:35:42.524] [DEBUG] rra - Loading all records from database
[2018-04-28T20:35:42.529] [DEBUG] rra - Loading finished
[2018-04-28T20:37:38.168] [DEBUG] rra - Get record.
[2018-04-28T20:37:38.172] [DEBUG] rra - Loading all records from database
[2018-04-28T20:37:38.205] [DEBUG] rra - Loading finished
[2018-04-28T20:54:30.588] [DEBUG] rra - Get record.
[2018-04-28T20:54:30.592] [DEBUG] rra - Loading all records from database
[2018-04-28T20:54:30.627] [DEBUG] rra - Loading finished
[2018-04-28T20:55:49.288] [DEBUG] rra - Get record.
[2018-04-28T20:55:49.292] [DEBUG] rra - Loading all records from database
[2018-04-28T20:55:49.349] [DEBUG] rra - Loading finished
[2018-04-28T20:57:55.997] [DEBUG] rra - Get record.
[2018-04-28T20:57:56.001] [DEBUG] rra - Loading all records from database
[2018-04-28T20:57:56.044] [DEBUG] rra - Loading finished
[2018-04-28T20:58:58.584] [DEBUG] rra - Get record.
[2018-04-28T20:58:58.587] [DEBUG] rra - Loading all records from database
[2018-04-28T20:58:58.670] [DEBUG] rra - Loading finished
[2018-04-28T20:59:01.582] [DEBUG] rra - Get record.
[2018-04-28T20:59:01.583] [DEBUG] rra - Loading all records from database
[2018-04-28T20:59:01.591] [DEBUG] rra - Loading finished
[2018-04-28T21:03:19.682] [DEBUG] rra - Get record.
[2018-04-28T21:03:19.686] [DEBUG] rra - Loading all records from database
[2018-04-28T21:03:19.848] [DEBUG] rra - Loading finished
[2018-04-28T21:04:41.872] [DEBUG] rra - Get record.
[2018-04-28T21:04:41.875] [DEBUG] rra - Loading all records from database
[2018-04-28T21:04:41.918] [DEBUG] rra - Loading finished
[2018-04-28T21:05:27.240] [DEBUG] rra - Get record.
[2018-04-28T21:05:27.247] [DEBUG] rra - Loading all records from database
[2018-04-28T21:05:27.337] [DEBUG] rra - Loading finished
[2018-04-28T21:08:02.198] [DEBUG] rra - Get records.
[2018-04-28T21:08:02.199] [DEBUG] rra - Loading all records from database
[2018-04-28T21:08:02.211] [DEBUG] rra - Loading finished
[2018-04-28T21:08:03.974] [DEBUG] rra - Get records.
[2018-04-28T21:08:03.974] [DEBUG] rra - Loading all records from database
[2018-04-28T21:08:03.979] [DEBUG] rra - Loading finished
[2018-04-28T21:08:05.236] [DEBUG] rra - Get records.
[2018-04-28T21:08:05.241] [DEBUG] rra - Loading all records from database
[2018-04-28T21:08:05.257] [DEBUG] rra - Loading finished
[2018-04-28T21:09:05.538] [DEBUG] rra - Get records.
[2018-04-28T21:09:05.543] [DEBUG] rra - Loading all records from database
[2018-04-28T21:09:05.585] [DEBUG] rra - Loading finished
[2018-04-28T21:09:46.612] [DEBUG] rra - Get records.
[2018-04-28T21:09:46.613] [DEBUG] rra - Loading all records from database
[2018-04-28T21:09:46.629] [DEBUG] rra - Loading finished
[2018-04-28T21:11:22.476] [DEBUG] rra - Get records.
[2018-04-28T21:11:22.480] [DEBUG] rra - Loading all records from database
[2018-04-28T21:11:22.525] [DEBUG] rra - Loading finished
[2018-04-28T21:11:25.948] [DEBUG] rra - Get record.
[2018-04-28T21:11:25.949] [DEBUG] rra - Loading all records from database
[2018-04-28T21:11:25.961] [DEBUG] rra - Loading finished
[2018-04-28T21:13:48.425] [DEBUG] rra - Get record.
[2018-04-28T21:13:48.428] [DEBUG] rra - Loading all records from database
[2018-04-28T21:13:48.468] [DEBUG] rra - Loading finished
[2018-04-28T21:13:48.469] [DEBUG] rra - []
[2018-04-28T21:14:54.819] [DEBUG] rra - Get record.
[2018-04-28T21:14:54.823] [DEBUG] rra - Loading record from database
[2018-04-28T21:14:54.866] [DEBUG] rra - Loading finished
[2018-04-28T21:14:54.866] [DEBUG] rra - undefined
[2018-04-28T21:19:29.324] [DEBUG] rra - Get record.
[2018-04-28T21:19:29.328] [DEBUG] rra - Loading record from database
[2018-04-28T21:19:29.376] [DEBUG] rra - Loading finished
[2018-04-28T21:23:01.174] [DEBUG] rra - Get record.
[2018-04-28T21:23:01.178] [DEBUG] rra - Loading record from database
[2018-04-28T21:23:01.214] [DEBUG] rra - Loading finished
[2018-04-28T21:26:15.378] [DEBUG] rra - Get record.
[2018-04-28T21:26:15.381] [DEBUG] rra - Loading record from database
[2018-04-28T21:26:15.419] [DEBUG] rra - 5ae46552ca22a71a3423141a
[2018-04-28T21:26:15.420] [DEBUG] rra - Loading finished
[2018-05-02T18:58:12.114] [DEBUG] rra - Get records.
[2018-05-02T18:58:12.114] [DEBUG] rra - Loading all records from database
[2018-05-02T18:58:32.341] [DEBUG] rra - Get records.
[2018-05-02T18:58:32.342] [DEBUG] rra - Loading all records from database
[2018-05-02T18:58:32.372] [DEBUG] rra - Loading finished
[2018-05-02T19:02:30.982] [DEBUG] rra - Get records.
[2018-05-02T19:02:30.982] [DEBUG] rra - Loading all records from database
[2018-05-02T19:02:30.989] [DEBUG] rra - Loading finished
[2018-05-02T19:08:55.608] [DEBUG] rra - Get records.
[2018-05-02T19:08:55.609] [DEBUG] rra - Loading all records from database
[2018-05-02T19:08:55.615] [DEBUG] rra - Loading finished
[2018-05-02T19:09:54.927] [DEBUG] rra - Adding record.
[2018-05-02T19:09:54.930] [DEBUG] rra - Adding record to database
[2018-05-02T19:09:54.972] [DEBUG] rra - Adding record finished
[2018-05-02T19:10:21.955] [DEBUG] rra - Get records.
[2018-05-02T19:10:21.958] [DEBUG] rra - Loading all records from database
[2018-05-02T19:10:21.970] [DEBUG] rra - Loading finished
[2018-05-02T19:11:54.930] [DEBUG] rra - Adding record.
[2018-05-02T19:11:54.932] [DEBUG] rra - Adding record to database
[2018-05-02T19:11:54.938] [DEBUG] rra - Adding record finished
[2018-05-02T20:47:27.290] [DEBUG] rra - Get records.
[2018-05-02T20:47:27.293] [DEBUG] rra - Loading all records from database
[2018-05-02T20:47:27.315] [DEBUG] rra - Loading finished
[2018-05-02T20:49:54.609] [DEBUG] rra - Get locations.
[2018-05-02T20:49:54.612] [DEBUG] rra - Loading all locations from database
[2018-05-02T20:49:54.635] [DEBUG] rra - Loading finished
[2018-05-02T21:11:10.237] [DEBUG] rra - Get locations.
[2018-05-02T21:11:10.239] [DEBUG] rra - Loading all locations from database
[2018-05-02T21:11:10.245] [DEBUG] rra - Loading finished
[2018-05-02T21:11:31.609] [DEBUG] rra - Get locations.
[2018-05-02T21:11:31.610] [DEBUG] rra - Loading all locations from database
[2018-05-02T21:11:31.613] [DEBUG] rra - Loading finished
[2018-05-02T21:34:45.223] [DEBUG] rra - Get locations.
[2018-05-02T21:34:45.226] [DEBUG] rra - Loading all locations from database
[2018-05-02T21:34:45.251] [DEBUG] rra - Loading finished
[2018-05-02T21:34:50.983] [DEBUG] rra - Get records.
[2018-05-02T21:34:50.984] [DEBUG] rra - Loading all records from database
[2018-05-02T21:34:50.988] [DEBUG] rra - Loading finished
[2018-05-02T21:35:24.506] [DEBUG] rra - Get records.
[2018-05-02T21:35:24.508] [DEBUG] rra - Loading all records from database
[2018-05-02T21:35:24.512] [DEBUG] rra - Loading finished
[2018-05-02T21:36:21.496] [DEBUG] rra - Get records.
[2018-05-02T21:36:21.497] [DEBUG] rra - Loading all records from database
[2018-05-02T21:36:21.500] [DEBUG] rra - Loading finished
[2018-05-02T21:38:44.204] [DEBUG] rra - Get locations.
[2018-05-02T21:38:44.206] [DEBUG] rra - Loading all locations from database
[2018-05-02T21:38:44.209] [DEBUG] rra - Loading finished
[2018-05-02T21:39:09.413] [DEBUG] rra - Get locations.
[2018-05-02T21:39:09.414] [DEBUG] rra - Loading all locations from database
[2018-05-02T21:39:09.417] [DEBUG] rra - Loading finished
[2018-05-02T21:40:32.730] [DEBUG] rra - Get locations.
[2018-05-02T21:40:32.731] [DEBUG] rra - Loading all locations from database
[2018-05-02T21:40:32.735] [DEBUG] rra - Loading finished
[2018-05-02T21:44:08.505] [DEBUG] rra - Get locations.
[2018-05-02T21:44:08.506] [DEBUG] rra - Loading all locations from database
[2018-05-02T21:44:08.509] [DEBUG] rra - Loading finished
[2018-05-02T21:45:58.513] [DEBUG] rra - Get locations.
[2018-05-02T21:45:58.514] [DEBUG] rra - Loading all locations from database
[2018-05-02T21:45:58.518] [DEBUG] rra - Loading finished
[2018-05-02T21:46:14.788] [DEBUG] rra - Get locations.
[2018-05-02T21:46:14.790] [DEBUG] rra - Loading all locations from database
[2018-05-02T21:46:14.794] [DEBUG] rra - Loading finished
[2018-05-02T21:47:04.259] [DEBUG] rra - Get locations.
[2018-05-02T21:47:04.260] [DEBUG] rra - Loading all locations from database
[2018-05-02T21:47:04.264] [DEBUG] rra - Loading finished
[2018-05-02T21:48:02.841] [DEBUG] rra - Get records.
[2018-05-02T21:48:02.842] [DEBUG] rra - Loading all records from database
[2018-05-02T21:48:02.846] [DEBUG] rra - Loading finished
[2018-05-02T21:50:07.560] [DEBUG] rra - Get locations.
[2018-05-02T21:50:07.560] [DEBUG] rra - Loading all locations from database
[2018-05-02T21:50:07.564] [DEBUG] rra - Loading finished
[2018-05-02T21:51:00.511] [DEBUG] rra - Get locations.
[2018-05-02T21:51:00.516] [DEBUG] rra - Loading all locations from database
[2018-05-02T21:51:00.540] [DEBUG] rra - Loading finished
[2018-05-02T21:51:11.489] [DEBUG] rra - Adding record.
[2018-05-02T21:51:11.491] [DEBUG] rra - Adding record to database
[2018-05-02T21:51:11.491] [DEBUG] rra - Post data:  { documentType: '',
  volume: '',
  description: '',
  building: 
   { uuid: 'e71a3a38-a2af-4ee5-afdb-264058d5b12a',
     name: 'Building 1',
     isActive: true,
     floors: [ [Object] ] },
  boxDraw: '',
  createdBy: 'Joe Doe',
  dateArchived: '2.5.2018, 21:49:56' }
[2018-05-02T21:51:38.612] [DEBUG] rra - Adding record.
[2018-05-02T21:51:38.613] [DEBUG] rra - Adding record to database
[2018-05-02T21:51:38.614] [DEBUG] rra - Post data:  { businessUnity: { businessUnityId: 2, businessUnityName: 'Buniness Unity' },
  boxDraw: '12351',
  dateCreatedFrom: 1522250029,
  dateCreatedTo: 1522250029,
  dateArchived: 1522250029,
  contentDescription: 'Mega cool!',
  volume: '1-2',
  documentType: 'invoices',
  retentionPeriod: 3,
  building: 
   { uuid: 'e71a3a38-a2af-4ee5-afdb-264058d5b12a',
     name: 'Building 1' },
  floor: 
   { uuid: 'f657268c-02f7-4383-ad32-1cac1babc796',
     name: 'Floor 1' },
  room: { uuid: 'fd8706ae-3054-44e2-a6c8-1067988d7118', name: 'Room 1' },
  createdBy: { firstname: 'Britta', lastname: 'Enneking', email: '' } }
[2018-05-02T21:54:38.403] [DEBUG] rra - Adding record.
[2018-05-02T21:54:38.404] [DEBUG] rra - Adding record to database
[2018-05-02T21:54:38.405] [DEBUG] rra - Post data:  { businessUnity: { businessUnityId: 2, businessUnityName: 'Buniness Unity' },
  boxDraw: '12351',
  dateCreatedFrom: 1522250029,
  dateCreatedTo: 1522250029,
  dateArchived: 1522250029,
  contentDescription: 'Mega cool!',
  volume: '1-2',
  documentType: 'invoices',
  retentionPeriod: 3,
  building: 
   { uuid: 'e71a3a38-a2af-4ee5-afdb-264058d5b12a',
     name: 'Building 1' },
  floor: 
   { uuid: 'f657268c-02f7-4383-ad32-1cac1babc796',
     name: 'Floor 1' },
  room: { uuid: 'fd8706ae-3054-44e2-a6c8-1067988d7118', name: 'Room 1' },
  createdBy: { firstname: 'Britta', lastname: 'Enneking', email: '' } }
[2018-05-02T21:55:02.732] [DEBUG] rra - Adding record.
[2018-05-02T21:55:02.734] [DEBUG] rra - Adding record to database
[2018-05-02T21:55:02.734] [DEBUG] rra - Post data:  { businessUnity: { businessUnityId: 2, businessUnityName: 'Buniness Unity' },
  boxDraw: '12351',
  dateCreatedFrom: 1522250029,
  dateCreatedTo: 1522250029,
  dateArchived: 1522250029,
  contentDescription: 'Mega cool!',
  volume: '1-2',
  documentType: 'invoices',
  retentionPeriod: 3,
  building: 
   { uuid: 'e71a3a38-a2af-4ee5-afdb-264058d5b12a',
     name: 'Building 1' },
  floor: 
   { uuid: 'f657268c-02f7-4383-ad32-1cac1babc796',
     name: 'Floor 1' },
  room: { uuid: 'fd8706ae-3054-44e2-a6c8-1067988d7118', name: 'Room 1' },
  createdBy: { firstname: 'Britta', lastname: 'Enneking', email: '' } }
[2018-05-02T21:56:46.484] [DEBUG] rra - Adding record.
[2018-05-02T21:56:46.485] [DEBUG] rra - Adding record to database
[2018-05-02T21:56:46.485] [DEBUG] rra - Post data:  { businessUnity: { businessUnityId: 2, businessUnityName: 'Buniness Unity' },
  boxDraw: '12351',
  dateCreatedFrom: 1522250029,
  dateCreatedTo: 1522250029,
  dateArchived: 1522250029,
  contentDescription: 'Mega cool!',
  volume: '1-2',
  documentType: 'invoices',
  retentionPeriod: 3,
  building: 
   { uuid: 'e71a3a38-a2af-4ee5-afdb-264058d5b12a',
     name: 'Building 1' },
  floor: 
   { uuid: 'f657268c-02f7-4383-ad32-1cac1babc796',
     name: 'Floor 1' },
  room: { uuid: 'fd8706ae-3054-44e2-a6c8-1067988d7118', name: 'Room 1' },
  createdBy: { firstname: 'Britta', lastname: 'Enneking', email: '' } }
[2018-05-02T21:56:46.509] [DEBUG] rra - Adding record finished
[2018-05-02T22:01:22.107] [DEBUG] rra - Get records.
[2018-05-02T22:01:22.109] [DEBUG] rra - Loading all records from database
[2018-05-02T22:01:22.133] [DEBUG] rra - Loading finished
[2018-05-02T22:01:50.314] [DEBUG] rra - Adding record.
[2018-05-02T22:01:50.314] [DEBUG] rra - Adding record to database
[2018-05-02T22:01:50.314] [DEBUG] rra - Post data:  { businessUnity: { businessUnityId: 3, businessUnityName: 'Buniness Unity' },
  boxDraw: '12351',
  dateCreatedFrom: 1522250029,
  dateCreatedTo: 1522250029,
  dateArchived: 1522250029,
  contentDescription: 'Ultra cool!',
  volume: '1-2',
  documentType: 'invoices',
  retentionPeriod: 3,
  building: 
   { uuid: 'e71a3a38-a2af-4ee5-afdb-264058d5b12a',
     name: 'Building 1' },
  floor: 
   { uuid: 'f657268c-02f7-4383-ad32-1cac1babc796',
     name: 'Floor 1' },
  room: { uuid: 'fd8706ae-3054-44e2-a6c8-1067988d7118', name: 'Room 1' },
  createdBy: { firstname: 'Britta', lastname: 'Enneking', email: '' } }
[2018-05-02T22:01:50.321] [DEBUG] rra - Adding record finished
[2018-05-02T22:11:04.957] [DEBUG] rra - Get locations.
[2018-05-02T22:11:04.958] [DEBUG] rra - Loading all locations from database
[2018-05-02T22:11:04.981] [DEBUG] rra - Loading finished
[2018-05-02T22:14:18.750] [DEBUG] rra - Get locations.
[2018-05-02T22:14:18.751] [DEBUG] rra - Loading all locations from database
[2018-05-02T22:14:18.755] [DEBUG] rra - Loading finished
[2018-05-02T22:14:48.623] [DEBUG] rra - Get locations.
[2018-05-02T22:14:48.623] [DEBUG] rra - Loading all locations from database
[2018-05-02T22:14:48.625] [DEBUG] rra - Loading finished
[2018-05-02T22:14:52.339] [DEBUG] rra - Get locations.
[2018-05-02T22:14:52.340] [DEBUG] rra - Loading all locations from database
[2018-05-02T22:14:52.342] [DEBUG] rra - Loading finished
[2018-05-02T22:16:31.864] [DEBUG] rra - Adding record.
[2018-05-02T22:16:31.868] [DEBUG] rra - Adding record to database
[2018-05-02T22:16:31.868] [DEBUG] rra - Post data:  { businessUnity: { businessUnityId: 3, businessUnityName: 'Buniness Unity' },
  boxDraw: '12351',
  dateCreatedFrom: 1522250029,
  dateCreatedTo: 1522250029,
  dateArchived: 1522250029,
  contentDescription: 'Ultra cool!',
  volume: '1-2',
  documentType: 'invoices',
  retentionPeriod: 3,
  building: 
   { uuid: 'e71a3a38-a2af-4ee5-afdb-264058d5b12a',
     name: 'Building 1' },
  floor: 
   { uuid: 'f657268c-02f7-4383-ad32-1cac1babc796',
     name: 'Floor 1' },
  room: { uuid: 'fd8706ae-3054-44e2-a6c8-1067988d7118', name: 'Room 1' },
  createdBy: { firstname: 'Britta', lastname: 'Enneking', email: '' } }
[2018-05-02T22:16:31.891] [DEBUG] rra - Adding record finished
[2018-05-02T22:16:45.271] [DEBUG] rra - Get records.
[2018-05-02T22:16:45.272] [DEBUG] rra - Loading all records from database
[2018-05-02T22:16:45.280] [DEBUG] rra - Loading finished
[2018-05-02T22:16:55.822] [DEBUG] rra - Adding record.
[2018-05-02T22:16:55.823] [DEBUG] rra - Adding record to database
[2018-05-02T22:16:55.824] [DEBUG] rra - Post data:  { businessUnity: { businessUnityId: 3, businessUnityName: 'Buniness Unity' },
  boxDraw: '12351',
  dateCreatedFrom: 1522250029,
  dateCreatedTo: 1522250029,
  dateArchived: 1522250029,
  contentDescription: 'Ultra cool!',
  volume: '1-2',
  documentType: 'invoices',
  retentionPeriod: 3,
  building: 
   { uuid: 'e71a3a38-a2af-4ee5-afdb-264058d5b12a',
     name: 'Building 1' },
  floor: 
   { uuid: 'f657268c-02f7-4383-ad32-1cac1babc796',
     name: 'Floor 1' },
  room: { uuid: 'fd8706ae-3054-44e2-a6c8-1067988d7118', name: 'Room 1' },
  createdBy: { firstname: 'Britta', lastname: 'Enneking', email: '' } }
[2018-05-02T22:16:55.828] [DEBUG] rra - Adding record finished
[2018-05-02T22:16:58.822] [DEBUG] rra - Get records.
[2018-05-02T22:16:58.823] [DEBUG] rra - Loading all records from database
[2018-05-02T22:16:58.827] [DEBUG] rra - Loading finished
[2018-05-02T22:21:44.105] [DEBUG] rra - Get record.
[2018-05-02T22:21:44.106] [DEBUG] rra - Loading record from database
[2018-05-02T22:21:44.110] [DEBUG] rra - Loading finished
[2018-05-02T22:24:20.038] [DEBUG] rra - Get records.
[2018-05-02T22:24:20.039] [DEBUG] rra - Loading all records from database
[2018-05-02T22:24:20.043] [DEBUG] rra - Loading finished
[2018-05-02T22:24:35.153] [DEBUG] rra - Get record.
[2018-05-02T22:24:35.154] [DEBUG] rra - Loading record from database
[2018-05-02T22:24:35.157] [DEBUG] rra - Loading finished
[2018-05-02T22:27:34.665] [DEBUG] rra - Get locations.
[2018-05-02T22:27:34.666] [DEBUG] rra - Loading all locations from database
[2018-05-02T22:27:34.669] [DEBUG] rra - Loading finished
[2018-05-02T22:28:07.753] [DEBUG] rra - Get locations.
[2018-05-02T22:28:07.755] [DEBUG] rra - Loading all locations from database
[2018-05-02T22:28:07.778] [DEBUG] rra - Loading finished
[2018-05-02T22:28:11.458] [DEBUG] rra - Get record.
[2018-05-02T22:28:11.460] [DEBUG] rra - Loading record 5ac8a9e9dd77c22fcbcae07a from database
[2018-05-02T22:29:18.608] [DEBUG] rra - Get locations.
[2018-05-02T22:29:18.610] [DEBUG] rra - Loading all locations from database
[2018-05-02T22:29:18.634] [DEBUG] rra - Loading finished
[2018-05-02T22:35:15.013] [DEBUG] rra - Get locations.
[2018-05-02T22:35:15.015] [DEBUG] rra - Loading all locations from database
[2018-05-02T22:35:15.019] [DEBUG] rra - Loading finished
[2018-05-02T22:36:47.038] [DEBUG] rra - Get locations.
[2018-05-02T22:36:47.040] [DEBUG] rra - Loading all locations from database
[2018-05-02T22:36:47.042] [DEBUG] rra - Loading finished
[2018-05-02T22:36:57.088] [DEBUG] rra - Get locations.
[2018-05-02T22:36:57.089] [DEBUG] rra - Loading all locations from database
[2018-05-02T22:36:57.092] [DEBUG] rra - Loading finished
[2018-05-02T22:38:03.791] [DEBUG] rra - Get locations.
[2018-05-02T22:38:03.792] [DEBUG] rra - Loading all locations from database
[2018-05-02T22:38:03.795] [DEBUG] rra - Loading finished
[2018-05-02T22:38:48.937] [DEBUG] rra - Get locations.
[2018-05-02T22:38:48.938] [DEBUG] rra - Loading all locations from database
[2018-05-02T22:38:48.941] [DEBUG] rra - Loading finished
[2018-05-02T22:38:51.559] [DEBUG] rra - Get locations.
[2018-05-02T22:38:51.560] [DEBUG] rra - Loading all locations from database
[2018-05-02T22:38:51.563] [DEBUG] rra - Loading finished
[2018-05-02T22:40:01.662] [DEBUG] rra - Get locations.
[2018-05-02T22:40:01.663] [DEBUG] rra - Loading all locations from database
[2018-05-02T22:40:01.666] [DEBUG] rra - Loading finished
[2018-05-02T22:40:34.296] [DEBUG] rra - Get locations.
[2018-05-02T22:40:34.297] [DEBUG] rra - Loading all locations from database
[2018-05-02T22:40:34.299] [DEBUG] rra - Loading finished
[2018-05-02T22:43:41.886] [DEBUG] rra - Get locations.
[2018-05-02T22:43:41.887] [DEBUG] rra - Loading all locations from database
[2018-05-02T22:43:41.890] [DEBUG] rra - Loading finished
[2018-05-02T22:44:17.491] [DEBUG] rra - Get locations.
[2018-05-02T22:44:17.492] [DEBUG] rra - Loading all locations from database
[2018-05-02T22:44:17.495] [DEBUG] rra - Loading finished
[2018-05-02T22:44:34.415] [DEBUG] rra - Get locations.
[2018-05-02T22:44:34.417] [DEBUG] rra - Loading all locations from database
[2018-05-02T22:44:34.420] [DEBUG] rra - Loading finished
[2018-05-02T22:51:51.543] [DEBUG] rra - Get locations.
[2018-05-02T22:51:51.544] [DEBUG] rra - Loading all locations from database
[2018-05-02T22:51:51.547] [DEBUG] rra - Loading finished
[2018-05-02T22:58:11.430] [DEBUG] rra - Get record.
[2018-05-02T22:58:11.434] [DEBUG] rra - Loading record 5ac8a9e9dd77c22fcbcae07a from database
[2018-05-02T23:03:26.791] [DEBUG] rra - Get locations.
[2018-05-02T23:03:26.793] [DEBUG] rra - Loading all locations from database
[2018-05-02T23:03:26.816] [DEBUG] rra - Loading finished
[2018-05-02T23:03:32.094] [DEBUG] rra - Get locations.
[2018-05-02T23:03:32.095] [DEBUG] rra - Loading all locations from database
[2018-05-02T23:03:32.098] [DEBUG] rra - Loading finished
[2018-05-02T23:03:53.275] [DEBUG] rra - Get record.
[2018-05-02T23:03:53.277] [DEBUG] rra - Loading record 5ac8a9e9dd77c22fcbcae07a from database
[2018-05-02T23:03:53.281] [DEBUG] rra - Loading finished
[2018-05-02T23:03:53.281] [ERROR] rra - Error while loading records from database
[2018-05-02T23:03:53.282] [ERROR] rra - Error: handleNoContentFound is not defined
[2018-05-02T23:04:42.994] [DEBUG] rra - Get record.
[2018-05-02T23:04:42.997] [DEBUG] rra - Loading record 5ac8a9e9dd77c22fcbcae07a from database
[2018-05-02T23:04:43.022] [DEBUG] rra - Loading finished
[2018-05-02T23:04:43.024] [ERROR] rra - Error while loading records from database
[2018-05-02T23:04:43.024] [ERROR] rra - Error: handleNoContentFound is not a function
[2018-05-02T23:06:03.019] [DEBUG] rra - Get record.
[2018-05-02T23:06:03.023] [DEBUG] rra - Loading record 5ac8a9e9dd77c22fcbcae07a from database
[2018-05-02T23:06:03.046] [DEBUG] rra - Loading finished
[2018-05-02T23:06:03.048] [ERROR] rra - Error while loading records from database
[2018-05-02T23:06:03.048] [ERROR] rra - Error: Cannot read property 'status' of undefined
[2018-05-02T23:06:13.801] [DEBUG] rra - Get locations.
[2018-05-02T23:06:13.803] [DEBUG] rra - Loading all locations from database
[2018-05-02T23:06:13.808] [DEBUG] rra - Loading finished
[2018-05-02T23:07:11.581] [DEBUG] rra - Get locations.
[2018-05-02T23:07:11.582] [DEBUG] rra - Loading all locations from database
[2018-05-02T23:07:11.586] [DEBUG] rra - Loading finished
[2018-05-02T23:07:39.841] [DEBUG] rra - Get locations.
[2018-05-02T23:07:39.842] [DEBUG] rra - Loading all locations from database
[2018-05-02T23:07:39.846] [DEBUG] rra - Loading finished
[2018-05-02T23:08:43.974] [DEBUG] rra - Get locations.
[2018-05-02T23:08:43.975] [DEBUG] rra - Loading all locations from database
[2018-05-02T23:08:43.978] [DEBUG] rra - Loading finished
[2018-05-02T23:09:26.462] [DEBUG] rra - Get record.
[2018-05-02T23:09:26.466] [DEBUG] rra - Loading record 5ac8a9e9dd77c22fcbcae07a from database
[2018-05-02T23:09:26.489] [DEBUG] rra - Loading finished
[2018-05-02T23:09:26.490] [DEBUG] rra - record:  false
[2018-05-02T23:09:44.141] [DEBUG] rra - Get locations.
[2018-05-02T23:09:44.143] [DEBUG] rra - Loading all locations from database
[2018-05-02T23:09:44.147] [DEBUG] rra - Loading finished
[2018-05-02T23:10:13.020] [DEBUG] rra - Get locations.
[2018-05-02T23:10:13.023] [DEBUG] rra - Loading all locations from database
[2018-05-02T23:10:13.045] [DEBUG] rra - Loading finished
[2018-05-02T23:10:15.570] [DEBUG] rra - Get record.
[2018-05-02T23:10:15.572] [DEBUG] rra - Loading record 5ac8a9e9dd77c22fcbcae07a from database
[2018-05-02T23:10:15.577] [DEBUG] rra - Loading finished
[2018-05-02T23:10:16.327] [DEBUG] rra - Get record.
[2018-05-02T23:10:16.328] [DEBUG] rra - Loading record 5ac8a9e9dd77c22fcbcae07a from database
[2018-05-02T23:10:16.331] [DEBUG] rra - Loading finished
[2018-05-02T23:10:16.723] [DEBUG] rra - Get record.
[2018-05-02T23:10:16.724] [DEBUG] rra - Loading record 5ac8a9e9dd77c22fcbcae07a from database
[2018-05-02T23:10:16.726] [DEBUG] rra - Loading finished
[2018-05-02T23:10:20.692] [DEBUG] rra - Get records.
[2018-05-02T23:10:20.693] [DEBUG] rra - Loading all records from database
[2018-05-02T23:10:20.698] [DEBUG] rra - Loading finished
[2018-05-02T23:13:28.725] [DEBUG] rra - Get records.
[2018-05-02T23:13:28.728] [DEBUG] rra - Loading all records from database
[2018-05-02T23:13:28.757] [DEBUG] rra - Loading finished
[2018-05-02T23:13:29.680] [DEBUG] rra - Get locations.
[2018-05-02T23:13:29.682] [DEBUG] rra - Loading all locations from database
[2018-05-02T23:13:29.686] [DEBUG] rra - Loading finished
[2018-05-02T23:13:35.833] [DEBUG] rra - Get record.
[2018-05-02T23:13:35.835] [DEBUG] rra - Loading record 5ac8a9e9dd77c22fcbcae07a from database
[2018-05-02T23:14:52.390] [DEBUG] rra - Get record.
[2018-05-02T23:14:52.393] [DEBUG] rra - Loading record 5ac8a9e9dd77c22fcbcae07a from database
[2018-05-02T23:14:52.421] [DEBUG] rra - Loading finished
[2018-05-02T23:16:27.478] [DEBUG] rra - Get locations.
[2018-05-02T23:16:27.480] [DEBUG] rra - Loading all locations from database
[2018-05-02T23:16:27.485] [DEBUG] rra - Loading finished
[2018-05-02T23:18:39.277] [DEBUG] rra - Get locations.
[2018-05-02T23:18:39.278] [DEBUG] rra - Loading all locations from database
[2018-05-02T23:18:39.281] [DEBUG] rra - Loading finished
[2018-05-02T23:19:30.409] [DEBUG] rra - Get locations.
[2018-05-02T23:19:30.410] [DEBUG] rra - Loading all locations from database
[2018-05-02T23:19:30.413] [DEBUG] rra - Loading finished
[2018-05-02T23:19:56.553] [DEBUG] rra - Get locations.
[2018-05-02T23:19:56.556] [DEBUG] rra - Loading all locations from database
[2018-05-02T23:19:56.577] [DEBUG] rra - Loading finished
[2018-05-02T23:19:56.639] [DEBUG] rra - Get record.
[2018-05-02T23:19:56.641] [DEBUG] rra - Loading record 5ac8a9e9dd77c22fcbcae07a from database
[2018-05-02T23:20:38.738] [DEBUG] rra - Get record.
[2018-05-02T23:20:38.741] [DEBUG] rra - Loading record 5ac8a9e9dd77c22fcbcae07a from database
[2018-05-02T23:23:37.598] [DEBUG] rra - Get record.
[2018-05-02T23:23:37.601] [DEBUG] rra - Loading record 5ac8a9e9dd77c22fcbcae07a from database
[2018-05-02T23:24:15.363] [DEBUG] rra - Get locations.
[2018-05-02T23:24:15.366] [DEBUG] rra - Loading all locations from database
[2018-05-02T23:24:15.389] [DEBUG] rra - Loading finished
[2018-05-02T23:24:17.348] [DEBUG] rra - Get locations.
[2018-05-02T23:24:17.350] [DEBUG] rra - Loading all locations from database
[2018-05-02T23:24:17.354] [DEBUG] rra - Loading finished
[2018-05-02T23:24:26.570] [DEBUG] rra - Get record.
[2018-05-02T23:24:26.571] [DEBUG] rra - Loading record 5ac8a9e9dd77c22fcbcae07a from database
[2018-05-02T23:24:26.576] [DEBUG] rra - Loading finished
[2018-05-02T23:25:25.469] [DEBUG] rra - Get locations.
[2018-05-02T23:25:25.470] [DEBUG] rra - Loading all locations from database
[2018-05-02T23:25:25.473] [DEBUG] rra - Loading finished
[2018-05-02T23:26:20.750] [DEBUG] rra - Get locations.
[2018-05-02T23:26:20.752] [DEBUG] rra - Loading all locations from database
[2018-05-02T23:26:20.774] [DEBUG] rra - Loading finished
[2018-05-02T23:26:21.694] [DEBUG] rra - Get record.
[2018-05-02T23:26:21.695] [DEBUG] rra - Loading record 5ac8a9e9dd77c22fcbcae07a from database
[2018-05-02T23:27:20.779] [DEBUG] rra - Get locations.
[2018-05-02T23:27:20.781] [DEBUG] rra - Loading all locations from database
[2018-05-02T23:27:20.804] [DEBUG] rra - Loading finished
[2018-05-02T23:27:24.150] [DEBUG] rra - Get locations.
[2018-05-02T23:27:24.151] [DEBUG] rra - Loading all locations from database
[2018-05-02T23:27:24.154] [DEBUG] rra - Loading finished
[2018-05-02T23:27:39.274] [DEBUG] rra - Get record.
[2018-05-02T23:27:39.275] [DEBUG] rra - Loading record 5ac8a9e9dd77c22fcbcae07a from database
[2018-05-02T23:27:39.280] [DEBUG] rra - Loading finished
[2018-05-02T23:27:49.525] [DEBUG] rra - Get record.
[2018-05-02T23:27:49.527] [DEBUG] rra - Loading record 5ac8a2e9dd77c22fcbcae07a from database
[2018-05-02T23:27:49.531] [DEBUG] rra - Loading finished
[2018-05-02T23:27:52.619] [DEBUG] rra - Get records.
[2018-05-02T23:27:52.621] [DEBUG] rra - Loading all records from database
[2018-05-02T23:27:52.624] [DEBUG] rra - Loading finished
[2018-05-02T23:28:05.237] [DEBUG] rra - Get record.
[2018-05-02T23:28:05.239] [DEBUG] rra - Loading record 5aea1c9f603ab32f9ca7517b from database
[2018-05-02T23:28:05.242] [DEBUG] rra - Loading finished
[2018-05-02T23:28:53.370] [DEBUG] rra - Get locations.
[2018-05-02T23:28:53.372] [DEBUG] rra - Loading all locations from database
[2018-05-02T23:28:53.375] [DEBUG] rra - Loading finished
[2018-05-02T23:29:31.819] [DEBUG] rra - Get locations.
[2018-05-02T23:29:31.820] [DEBUG] rra - Loading all locations from database
[2018-05-02T23:29:31.823] [DEBUG] rra - Loading finished
[2018-05-02T23:30:06.284] [DEBUG] rra - Get locations.
[2018-05-02T23:30:06.285] [DEBUG] rra - Loading all locations from database
[2018-05-02T23:30:06.289] [DEBUG] rra - Loading finished
[2018-05-02T23:31:00.825] [DEBUG] rra - Get locations.
[2018-05-02T23:31:00.826] [DEBUG] rra - Loading all locations from database
[2018-05-02T23:31:00.829] [DEBUG] rra - Loading finished
[2018-05-02T23:31:24.092] [DEBUG] rra - Get locations.
[2018-05-02T23:31:24.093] [DEBUG] rra - Loading all locations from database
[2018-05-02T23:31:24.097] [DEBUG] rra - Loading finished
[2018-05-02T23:31:50.912] [DEBUG] rra - Get locations.
[2018-05-02T23:31:50.913] [DEBUG] rra - Loading all locations from database
[2018-05-02T23:31:50.916] [DEBUG] rra - Loading finished
[2018-05-02T23:32:44.374] [DEBUG] rra - Get locations.
[2018-05-02T23:32:44.376] [DEBUG] rra - Loading all locations from database
[2018-05-02T23:32:44.379] [DEBUG] rra - Loading finished
[2018-05-02T23:33:16.086] [DEBUG] rra - Get locations.
[2018-05-02T23:33:16.088] [DEBUG] rra - Loading all locations from database
[2018-05-02T23:33:16.091] [DEBUG] rra - Loading finished
[2018-05-02T23:35:09.135] [DEBUG] rra - Get locations.
[2018-05-02T23:35:09.136] [DEBUG] rra - Loading all locations from database
[2018-05-02T23:35:09.139] [DEBUG] rra - Loading finished
[2018-05-02T23:36:43.023] [DEBUG] rra - Get locations.
[2018-05-02T23:36:43.024] [DEBUG] rra - Loading all locations from database
[2018-05-02T23:36:43.026] [DEBUG] rra - Loading finished
[2018-05-02T23:37:27.201] [DEBUG] rra - Get locations.
[2018-05-02T23:37:27.203] [DEBUG] rra - Loading all locations from database
[2018-05-02T23:37:27.205] [DEBUG] rra - Loading finished
